This is XeTeX, Version 3.1415926-2.3-0.9997.5 (MiKTeX 2.9) (preloaded format=xelatex 2015.5.13)  1 DEC 2015 17:00
entering extended mode
**PPT.tex
(E:\数学建模\gmcm\PPT\PPT.tex
LaTeX2e <2011/06/27>
Babel <v3.8m> and hyphenation patterns for loaded.
("D:\Program Files\CTEX\UserData\tex\latex\beamer\base\beamer.cls"
("D:\Program Files\CTEX\UserData\tex\latex\beamer\base\beamerbasercs.sty"
Package: beamerbasercs 2015/03/08 (rcs-revision 368aa9ba9d38)
)
Document Class: beamer 2015/01/05 3.36 A class for typesetting presentations (r
cs-revision 8a39122e1f63)
("D:\Program Files\CTEX\UserData\tex\latex\beamer\base\beamerbasemodes.sty"
Package: beamerbasemodes 2013/09/03 (rcs-revision 768f2d98ca64)
\beamer@tempbox=\box26
\beamer@tempcount=\count80
\c@beamerpauses=\count81

("D:\Program Files\CTEX\UserData\tex\latex\beamer\base\beamerbasedecode.sty"
Package: beamerbasedecode 2010/05/01 (rcs-revision efa082c6111d)
\beamer@slideinframe=\count82
\beamer@minimum=\count83
)
\beamer@commentbox=\box27
\beamer@modecount=\count84
)
("D:\Program Files\CTEX\MiKTeX\tex\generic\oberdiek\ifpdf.sty"
Package: ifpdf 2011/01/30 v2.3 Provides the ifpdf switch (HO)
Package ifpdf Info: pdfTeX in PDF mode is not detected.
)
\headheight=\dimen102
\headdp=\dimen103
\footheight=\dimen104
\sidebarheight=\dimen105
\beamer@tempdim=\dimen106
\beamer@finalheight=\dimen107
\beamer@animht=\dimen108
\beamer@animdp=\dimen109
\beamer@animwd=\dimen110
\beamer@leftmargin=\dimen111
\beamer@rightmargin=\dimen112
\beamer@leftsidebar=\dimen113
\beamer@rightsidebar=\dimen114
\beamer@boxsize=\dimen115
\beamer@vboxoffset=\dimen116
\beamer@descdefault=\dimen117
\beamer@descriptionwidth=\dimen118
\beamer@lastskip=\skip41
\beamer@areabox=\box28
\beamer@animcurrent=\box29
\beamer@animshowbox=\box30
\beamer@sectionbox=\box31
\beamer@logobox=\box32
\beamer@linebox=\box33
\beamer@sectioncount=\count85
\beamer@subsubsectionmax=\count86
\beamer@subsectionmax=\count87
\beamer@sectionmax=\count88
\beamer@totalheads=\count89
\beamer@headcounter=\count90
\beamer@partstartpage=\count91
\beamer@sectionstartpage=\count92
\beamer@subsectionstartpage=\count93
\beamer@animationtempa=\count94
\beamer@animationtempb=\count95
\beamer@xpos=\count96
\beamer@ypos=\count97
\beamer@showpartnumber=\count98
\beamer@currentsubsection=\count99
\beamer@coveringdepth=\count100
\beamer@sectionadjust=\count101
\beamer@tocsectionnumber=\count102

("D:\Program Files\CTEX\UserData\tex\latex\beamer\base\beamerbaseoptions.sty"
Package: beamerbaseoptions 2013/03/10 (rcs-revision 47431932db0d)

("D:\Program Files\CTEX\MiKTeX\tex\latex\graphics\keyval.sty"
Package: keyval 1999/03/16 v1.13 key=value parser (DPC)
\KV@toks@=\toks14
))
\beamer@paperwidth=\skip42
\beamer@paperheight=\skip43

("D:\Program Files\CTEX\MiKTeX\tex\latex\geometry\geometry.sty"
Package: geometry 2010/09/12 v5.6 Page Geometry

("D:\Program Files\CTEX\MiKTeX\tex\generic\oberdiek\ifvtex.sty"
Package: ifvtex 2010/03/01 v1.5 Switches for detecting VTeX and its modes (HO)
Package ifvtex Info: VTeX not detected.
)
("D:\Program Files\CTEX\MiKTeX\tex\generic\ifxetex\ifxetex.sty"
Package: ifxetex 2010/09/12 v0.6 Provides ifxetex conditional
)
\Gm@cnth=\count103
\Gm@cntv=\count104
\c@Gm@tempcnt=\count105
\Gm@bindingoffset=\dimen119
\Gm@wd@mp=\dimen120
\Gm@odd@mp=\dimen121
\Gm@even@mp=\dimen122
\Gm@layoutwidth=\dimen123
\Gm@layoutheight=\dimen124
\Gm@layouthoffset=\dimen125
\Gm@layoutvoffset=\dimen126
\Gm@dimlist=\toks15

("D:\Program Files\CTEX\MiKTeX\tex\xelatex\xetexconfig\geometry.cfg"))
("D:\Program Files\CTEX\MiKTeX\tex\latex\base\size11.clo"
File: size11.clo 2007/10/19 v1.4h Standard LaTeX file (size option)
Requested font "cmr10" at 10.95pt
 -> cmr10
)
("D:\Program Files\CTEX\UserData\tex\latex\pgf\basiclayer\pgfcore.sty"
("D:\Program Files\CTEX\MiKTeX\tex\latex\graphics\graphicx.sty"
Package: graphicx 1999/02/16 v1.0f Enhanced LaTeX Graphics (DPC,SPQR)

("D:\Program Files\CTEX\MiKTeX\tex\latex\graphics\graphics.sty"
Package: graphics 2009/02/05 v1.0o Standard LaTeX Graphics (DPC,SPQR)

("D:\Program Files\CTEX\MiKTeX\tex\latex\graphics\trig.sty"
Package: trig 1999/03/16 v1.09 sin cos tan (DPC)
)
("D:\Program Files\CTEX\MiKTeX\tex\latex\00miktex\graphics.cfg"
File: graphics.cfg 2007/01/18 v1.5 graphics configuration of teTeX/TeXLive
)
Package graphics Info: Driver file: xetex.def on input line 91.

("D:\Program Files\CTEX\MiKTeX\tex\xelatex\xetex-def\xetex.def"
File: xetex.def 2009/11/22 v0.94 LaTeX color/graphics driver for XeTeX (RRM/JK)

))
\Gin@req@height=\dimen127
\Gin@req@width=\dimen128
)
("D:\Program Files\CTEX\UserData\tex\latex\pgf\systemlayer\pgfsys.sty"
("D:\Program Files\CTEX\UserData\tex\latex\pgf\utilities\pgfrcs.sty"
("D:\Program Files\CTEX\UserData\tex\generic\pgf\utilities\pgfutil-common.tex"
\pgfutil@everybye=\toks16
\pgfutil@tempdima=\dimen129
\pgfutil@tempdimb=\dimen130

("D:\Program Files\CTEX\UserData\tex\generic\pgf\utilities\pgfutil-common-lists
.tex"))
("D:\Program Files\CTEX\UserData\tex\generic\pgf\utilities\pgfutil-latex.def"
\pgfutil@abb=\box34

("D:\Program Files\CTEX\UserData\tex\latex\ms\everyshi.sty"
Package: everyshi 2001/05/15 v3.00 EveryShipout Package (MS)
))
("D:\Program Files\CTEX\UserData\tex\generic\pgf\utilities\pgfrcs.code.tex"
Package: pgfrcs 2013/12/20 v3.0.0 (rcs-revision 1.28)
))
("D:\Program Files\CTEX\UserData\tex\generic\pgf\systemlayer\pgfsys.code.tex"
Package: pgfsys 2013/11/30 v3.0.0 (rcs-revision 1.47)

("D:\Program Files\CTEX\UserData\tex\generic\pgf\utilities\pgfkeys.code.tex"
\pgfkeys@pathtoks=\toks17
\pgfkeys@temptoks=\toks18

("D:\Program Files\CTEX\UserData\tex\generic\pgf\utilities\pgfkeysfiltered.code
.tex"
\pgfkeys@tmptoks=\toks19
))
\pgf@x=\dimen131
\pgf@y=\dimen132
\pgf@xa=\dimen133
\pgf@ya=\dimen134
\pgf@xb=\dimen135
\pgf@yb=\dimen136
\pgf@xc=\dimen137
\pgf@yc=\dimen138
\w@pgf@writea=\write3
\r@pgf@reada=\read1
\c@pgf@counta=\count106
\c@pgf@countb=\count107
\c@pgf@countc=\count108
\c@pgf@countd=\count109
\t@pgf@toka=\toks20
\t@pgf@tokb=\toks21
\t@pgf@tokc=\toks22
 ("D:\Program Files\CTEX\UserData\tex\generic\pgf\systemlayer\pgf.cfg"
File: pgf.cfg 2008/05/14  (rcs-revision 1.7)
)
Driver file for pgf: pgfsys-xetex.def

("D:\Program Files\CTEX\UserData\tex\generic\pgf\systemlayer\pgfsys-xetex.def"
File: pgfsys-xetex.def 2013/07/16  (rcs-revision 1.9)

("D:\Program Files\CTEX\UserData\tex\generic\pgf\systemlayer\pgfsys-dvipdfmx.de
f"
File: pgfsys-dvipdfmx.def 2013/08/28  (rcs-revision 1.12)

("D:\Program Files\CTEX\UserData\tex\generic\pgf\systemlayer\pgfsys-common-pdf.
def"
File: pgfsys-common-pdf.def 2013/10/10  (rcs-revision 1.13)
)
\pgfsys@objnum=\count110
)))
("D:\Program Files\CTEX\UserData\tex\generic\pgf\systemlayer\pgfsyssoftpath.cod
e.tex"
File: pgfsyssoftpath.code.tex 2013/09/09  (rcs-revision 1.9)
\pgfsyssoftpath@smallbuffer@items=\count111
\pgfsyssoftpath@bigbuffer@items=\count112
)
("D:\Program Files\CTEX\UserData\tex\generic\pgf\systemlayer\pgfsysprotocol.cod
e.tex"
File: pgfsysprotocol.code.tex 2006/10/16  (rcs-revision 1.4)
)) ("D:\Program Files\CTEX\UserData\tex\latex\xcolor\xcolor.sty"
Package: xcolor 2007/01/21 v2.11 LaTeX color extensions (UK)

("D:\Program Files\CTEX\MiKTeX\tex\latex\00miktex\color.cfg"
File: color.cfg 2007/01/18 v1.5 color configuration of teTeX/TeXLive
)
Package xcolor Info: Driver file: xetex.def on input line 225.
Package xcolor Info: Model `cmy' substituted by `cmy0' on input line 1337.
Package xcolor Info: Model `RGB' extended on input line 1353.
Package xcolor Info: Model `HTML' substituted by `rgb' on input line 1355.
Package xcolor Info: Model `Hsb' substituted by `hsb' on input line 1356.
Package xcolor Info: Model `tHsb' substituted by `hsb' on input line 1357.
Package xcolor Info: Model `HSB' substituted by `hsb' on input line 1358.
Package xcolor Info: Model `Gray' substituted by `gray' on input line 1359.
Package xcolor Info: Model `wave' substituted by `hsb' on input line 1360.
)
("D:\Program Files\CTEX\UserData\tex\generic\pgf\basiclayer\pgfcore.code.tex"
Package: pgfcore 2010/04/11 v3.0.0 (rcs-revision 1.7)

("D:\Program Files\CTEX\UserData\tex\generic\pgf\math\pgfmath.code.tex"
("D:\Program Files\CTEX\UserData\tex\generic\pgf\math\pgfmathcalc.code.tex"
("D:\Program Files\CTEX\UserData\tex\generic\pgf\math\pgfmathutil.code.tex")
("D:\Program Files\CTEX\UserData\tex\generic\pgf\math\pgfmathparser.code.tex"
\pgfmath@dimen=\dimen139
\pgfmath@count=\count113
\pgfmath@box=\box35
\pgfmath@toks=\toks23
\pgfmath@stack@operand=\toks24
\pgfmath@stack@operation=\toks25
)
("D:\Program Files\CTEX\UserData\tex\generic\pgf\math\pgfmathfunctions.code.tex
"
("D:\Program Files\CTEX\UserData\tex\generic\pgf\math\pgfmathfunctions.basic.co
de.tex")
("D:\Program Files\CTEX\UserData\tex\generic\pgf\math\pgfmathfunctions.trigonom
etric.code.tex")
("D:\Program Files\CTEX\UserData\tex\generic\pgf\math\pgfmathfunctions.random.c
ode.tex")
("D:\Program Files\CTEX\UserData\tex\generic\pgf\math\pgfmathfunctions.comparis
on.code.tex")
("D:\Program Files\CTEX\UserData\tex\generic\pgf\math\pgfmathfunctions.base.cod
e.tex")
("D:\Program Files\CTEX\UserData\tex\generic\pgf\math\pgfmathfunctions.round.co
de.tex")
("D:\Program Files\CTEX\UserData\tex\generic\pgf\math\pgfmathfunctions.misc.cod
e.tex")
("D:\Program Files\CTEX\UserData\tex\generic\pgf\math\pgfmathfunctions.integera
rithmetics.code.tex")))
("D:\Program Files\CTEX\UserData\tex\generic\pgf\math\pgfmathfloat.code.tex"
\c@pgfmathroundto@lastzeros=\count114
))
("D:\Program Files\CTEX\UserData\tex\generic\pgf\basiclayer\pgfcorepoints.code.
tex"
File: pgfcorepoints.code.tex 2013/10/07  (rcs-revision 1.27)
\pgf@picminx=\dimen140
\pgf@picmaxx=\dimen141
\pgf@picminy=\dimen142
\pgf@picmaxy=\dimen143
\pgf@pathminx=\dimen144
\pgf@pathmaxx=\dimen145
\pgf@pathminy=\dimen146
\pgf@pathmaxy=\dimen147
\pgf@xx=\dimen148
\pgf@xy=\dimen149
\pgf@yx=\dimen150
\pgf@yy=\dimen151
\pgf@zx=\dimen152
\pgf@zy=\dimen153
)
("D:\Program Files\CTEX\UserData\tex\generic\pgf\basiclayer\pgfcorepathconstruc
t.code.tex"
File: pgfcorepathconstruct.code.tex 2013/10/07  (rcs-revision 1.29)
\pgf@path@lastx=\dimen154
\pgf@path@lasty=\dimen155
)
("D:\Program Files\CTEX\UserData\tex\generic\pgf\basiclayer\pgfcorepathusage.co
de.tex"
File: pgfcorepathusage.code.tex 2013/12/13  (rcs-revision 1.23)
\pgf@shorten@end@additional=\dimen156
\pgf@shorten@start@additional=\dimen157
)
("D:\Program Files\CTEX\UserData\tex\generic\pgf\basiclayer\pgfcorescopes.code.
tex"
File: pgfcorescopes.code.tex 2013/10/09  (rcs-revision 1.44)
\pgfpic=\box36
\pgf@hbox=\box37
\pgf@layerbox@main=\box38
\pgf@picture@serial@count=\count115
)
("D:\Program Files\CTEX\UserData\tex\generic\pgf\basiclayer\pgfcoregraphicstate
.code.tex"
File: pgfcoregraphicstate.code.tex 2013/09/19  (rcs-revision 1.11)
\pgflinewidth=\dimen158
)
("D:\Program Files\CTEX\UserData\tex\generic\pgf\basiclayer\pgfcoretransformati
ons.code.tex"
File: pgfcoretransformations.code.tex 2013/10/10  (rcs-revision 1.17)
\pgf@pt@x=\dimen159
\pgf@pt@y=\dimen160
\pgf@pt@temp=\dimen161
)
("D:\Program Files\CTEX\UserData\tex\generic\pgf\basiclayer\pgfcorequick.code.t
ex"
File: pgfcorequick.code.tex 2008/10/09  (rcs-revision 1.3)
)
("D:\Program Files\CTEX\UserData\tex\generic\pgf\basiclayer\pgfcoreobjects.code
.tex"
File: pgfcoreobjects.code.tex 2006/10/11  (rcs-revision 1.2)
)
("D:\Program Files\CTEX\UserData\tex\generic\pgf\basiclayer\pgfcorepathprocessi
ng.code.tex"
File: pgfcorepathprocessing.code.tex 2013/09/09  (rcs-revision 1.9)
)
("D:\Program Files\CTEX\UserData\tex\generic\pgf\basiclayer\pgfcorearrows.code.
tex"
File: pgfcorearrows.code.tex 2013/11/07  (rcs-revision 1.40)
\pgfarrowsep=\dimen162
)
("D:\Program Files\CTEX\UserData\tex\generic\pgf\basiclayer\pgfcoreshade.code.t
ex"
File: pgfcoreshade.code.tex 2013/07/15  (rcs-revision 1.15)
\pgf@max=\dimen163
\pgf@sys@shading@range@num=\count116
)
("D:\Program Files\CTEX\UserData\tex\generic\pgf\basiclayer\pgfcoreimage.code.t
ex"
File: pgfcoreimage.code.tex 2013/07/15  (rcs-revision 1.18)

("D:\Program Files\CTEX\UserData\tex\generic\pgf\basiclayer\pgfcoreexternal.cod
e.tex"
File: pgfcoreexternal.code.tex 2013/07/15  (rcs-revision 1.20)
\pgfexternal@startupbox=\box39
))
("D:\Program Files\CTEX\UserData\tex\generic\pgf\basiclayer\pgfcorelayers.code.
tex"
File: pgfcorelayers.code.tex 2013/07/18  (rcs-revision 1.7)
)
("D:\Program Files\CTEX\UserData\tex\generic\pgf\basiclayer\pgfcoretransparency
.code.tex"
File: pgfcoretransparency.code.tex 2013/09/30  (rcs-revision 1.5)
)
("D:\Program Files\CTEX\UserData\tex\generic\pgf\basiclayer\pgfcorepatterns.cod
e.tex"
File: pgfcorepatterns.code.tex 2013/11/07  (rcs-revision 1.5)
))) ("D:\Program Files\CTEX\UserData\tex\latex\pgf\utilities\xxcolor.sty"
Package: xxcolor 2003/10/24 ver 0.1
\XC@nummixins=\count117
\XC@countmixins=\count118
) ("D:\Program Files\CTEX\MiKTeX\tex\generic\oberdiek\atbegshi.sty"
Package: atbegshi 2011/01/30 v1.15 At begin shipout hook (HO)

("D:\Program Files\CTEX\MiKTeX\tex\generic\oberdiek\infwarerr.sty"
Package: infwarerr 2010/04/08 v1.3 Providing info/warning/message (HO)
)
("D:\Program Files\CTEX\MiKTeX\tex\generic\oberdiek\ltxcmds.sty"
Package: ltxcmds 2011/04/18 v1.20 LaTeX kernel commands for general use (HO)
))
("D:\Program Files\CTEX\MiKTeX\tex\latex\hyperref\hyperref.sty"
Package: hyperref 2012/02/06 v6.82o Hypertext links for LaTeX

("D:\Program Files\CTEX\MiKTeX\tex\generic\oberdiek\hobsub-hyperref.sty"
Package: hobsub-hyperref 2011/04/23 v1.4 Bundle oberdiek, subset hyperref (HO)

("D:\Program Files\CTEX\MiKTeX\tex\generic\oberdiek\hobsub-generic.sty"
Package: hobsub-generic 2011/04/23 v1.4 Bundle oberdiek, subset generic (HO)
Package: hobsub 2011/04/23 v1.4 Subsetting bundle oberdiek (HO)
Package hobsub Info: Skipping package `infwarerr' (already loaded).
Package hobsub Info: Skipping package `ltxcmds' (already loaded).
Package: ifluatex 2010/03/01 v1.3 Provides the ifluatex switch (HO)
Package ifluatex Info: LuaTeX not detected.
Package hobsub Info: Skipping package `ifvtex' (already loaded).
Package: intcalc 2007/09/27 v1.1 Expandable integer calculations (HO)
Package hobsub Info: Skipping package `ifpdf' (already loaded).
Package: etexcmds 2011/02/16 v1.5 Prefix for e-TeX command names (HO)
Package etexcmds Info: Could not find \expanded.
(etexcmds)             That can mean that you are not using pdfTeX 1.50 or
(etexcmds)             that some package has redefined \expanded.
(etexcmds)             In the latter case, load this package earlier.
Package: kvsetkeys 2011/04/07 v1.13 Key value parser (HO)
Package: kvdefinekeys 2011/04/07 v1.3 Defining keys (HO)
Package: pdftexcmds 2011/04/22 v0.16 Utilities of pdfTeX for LuaTeX (HO)
Package pdftexcmds Info: LuaTeX not detected.
Package pdftexcmds Info: pdfTeX >= 1.30 not detected.
Package pdftexcmds Info: \pdf@primitive is available.
Package pdftexcmds Info: \pdf@ifprimitive is available.
Package pdftexcmds Info: \pdfdraftmode not found.
Package: pdfescape 2011/04/04 v1.12 Provides string conversions (HO)
Package: bigintcalc 2011/01/30 v1.2 Expandable big integer calculations (HO)
Package: bitset 2011/01/30 v1.1 Data type bit set (HO)
Package: uniquecounter 2011/01/30 v1.2 Provides unlimited unique counter (HO)
)
Package hobsub Info: Skipping package `hobsub' (already loaded).
Package: letltxmacro 2010/09/02 v1.4 Let assignment for LaTeX macros (HO)
Package: hopatch 2011/01/30 v1.0 Wrapper for package hooks (HO)
Package: xcolor-patch 2011/01/30 xcolor patch
Package: atveryend 2011/04/23 v1.7 Hooks at very end of document (HO)
Package hobsub Info: Skipping package `atbegshi' (already loaded).
Package: refcount 2010/12/01 v3.2 Data extraction from references (HO)
Package: hycolor 2011/01/30 v1.7 Color options of hyperref/bookmark (HO)
)
("D:\Program Files\CTEX\MiKTeX\tex\latex\oberdiek\kvoptions.sty"
Package: kvoptions 2010/12/23 v3.10 Keyval support for LaTeX options (HO)
)
\@linkdim=\dimen164
\Hy@linkcounter=\count119
\Hy@pagecounter=\count120

("D:\Program Files\CTEX\MiKTeX\tex\latex\hyperref\pd1enc.def"
File: pd1enc.def 2012/02/06 v6.82o Hyperref: PDFDocEncoding definition (HO)
)
\Hy@SavedSpaceFactor=\count121

("D:\Program Files\CTEX\MiKTeX\tex\latex\00miktex\hyperref.cfg"
File: hyperref.cfg 2002/06/06 v1.2 hyperref configuration of TeXLive
)
Package hyperref Info: Option `bookmarks' set `true' on input line 3925.
Package hyperref Info: Option `bookmarksopen' set `true' on input line 3925.
Package hyperref Info: Option `implicit' set `false' on input line 3925.
Package hyperref Info: Hyper figures OFF on input line 4046.
Package hyperref Info: Link nesting OFF on input line 4051.
Package hyperref Info: Hyper index ON on input line 4054.
Package hyperref Info: Plain pages OFF on input line 4061.
Package hyperref Info: Backreferencing OFF on input line 4066.
Package hyperref Info: Implicit mode OFF; no redefinition of LaTeX internals.
Package hyperref Info: Bookmarks ON on input line 4284.
\c@Hy@tempcnt=\count122

("D:\Program Files\CTEX\MiKTeX\tex\xelatex\xetexurl\url.sty"
\Urlmuskip=\muskip10
Package: url 2004/03/15  ver 3.1  Verb mode for urls, etc.
)
LaTeX Info: Redefining \url on input line 4637.
\Fld@menulength=\count123
\Field@Width=\dimen165
\Fld@charsize=\dimen166
Package hyperref Info: Hyper figures OFF on input line 5757.
Package hyperref Info: Link nesting OFF on input line 5762.
Package hyperref Info: Hyper index ON on input line 5765.
Package hyperref Info: backreferencing OFF on input line 5772.
Package hyperref Info: Link coloring OFF on input line 5777.
Package hyperref Info: Link coloring with OCG OFF on input line 5782.
Package hyperref Info: PDF/A mode OFF on input line 5787.
LaTeX Info: Redefining \ref on input line 5827.
LaTeX Info: Redefining \pageref on input line 5831.
\Hy@abspage=\count124


Package hyperref Message: Stopped early.

)

Package hyperref Message: Driver (autodetected): hxetex.

("D:\Program Files\CTEX\MiKTeX\tex\latex\hyperref\hxetex.def"
File: hxetex.def 2012/02/06 v6.82o Hyperref driver for XeTeX

("D:\Program Files\CTEX\MiKTeX\tex\latex\hyperref\puenc.def"
File: puenc.def 2012/02/06 v6.82o Hyperref: PDF Unicode definition (HO)
)
("D:\Program Files\CTEX\MiKTeX\tex\generic\oberdiek\stringenc.sty"
Package: stringenc 2010/03/01 v1.8 Converts strings between encodings (HO)
)
\pdfm@box=\box40
\c@Hy@AnnotLevel=\count125
\HyField@AnnotCount=\count126
\Fld@listcount=\count127
\c@bookmark@seq@number=\count128

("D:\Program Files\CTEX\MiKTeX\tex\latex\oberdiek\rerunfilecheck.sty"
Package: rerunfilecheck 2011/04/15 v1.7 Rerun checks for auxiliary files (HO)
Package rerunfilecheck Info: Feature \pdfmdfivesum is not available
(rerunfilecheck)             (e.g. pdfTeX or LuaTeX with package `pdftexcmds').

(rerunfilecheck)             Therefore file contents cannot be checked efficien
tly
(rerunfilecheck)             and the loading of the package is aborted.
))
("D:\Program Files\CTEX\MiKTeX\tex\generic\oberdiek\se-ascii-print.def"
File: se-ascii-print.def 2010/03/01 v1.8 stringenc: Printable ASCII characters
)
("D:\Program Files\CTEX\UserData\tex\latex\beamer\base\beamerbaserequires.sty"
Package: beamerbaserequires 2010/05/01  (rcs-revision efa082c6111d)

("D:\Program Files\CTEX\UserData\tex\latex\beamer\base\beamerbasecompatibility.
sty"
Package: beamerbasecompatibility 2012/05/01  (rcs-revision 67c48b3b652d)
) ("D:\Program Files\CTEX\UserData\tex\latex\beamer\base\beamerbasefont.sty"
Package: beamerbasefont 2015/01/05  (rcs-revision b4b4bee242e2)
 ("D:\Program Files\CTEX\MiKTeX\tex\latex\amsfonts\amssymb.sty"
Package: amssymb 2009/06/22 v3.00

("D:\Program Files\CTEX\MiKTeX\tex\latex\amsfonts\amsfonts.sty"
Package: amsfonts 2009/06/22 v3.00 Basic AMSFonts support
\@emptytoks=\toks26
\symAMSa=\mathgroup4
\symAMSb=\mathgroup5
LaTeX Font Info:    Overwriting math alphabet `\mathfrak' in version `bold'
(Font)                  U/euf/m/n --> U/euf/b/n on input line 96.
))
("D:\Program Files\CTEX\UserData\tex\latex\sansmathaccent\sansmathaccent.sty"
Package: sansmathaccent 2013/03/28

("D:\Program Files\CTEX\UserData\tex\latex\filehook\filehook.sty"
Package: filehook 2011/10/12 v0.5d Hooks for input files
)))
("D:\Program Files\CTEX\UserData\tex\latex\beamer\base\beamerbasetranslator.sty
"
Package: beamerbasetranslator 2010/06/11  (rcs-revision 85fd1cc7fc42)

("D:\Program Files\CTEX\UserData\tex\latex\beamer\base\translator\translator.st
y"
Package: translator 2010/06/12 ver 1.10

("D:\Program Files\CTEX\UserData\tex\latex\beamer\base\translator\translator-la
nguage-mappings.tex")))
("D:\Program Files\CTEX\UserData\tex\latex\beamer\base\beamerbasemisc.sty"
Package: beamerbasemisc 2013/09/03  (rcs-revision a55719c41d85)
)
("D:\Program Files\CTEX\UserData\tex\latex\beamer\base\beamerbasetwoscreens.sty
"
Package: beamerbasetwoscreens 2010/05/01  (rcs-revision efa082c6111d)
) ("D:\Program Files\CTEX\UserData\tex\latex\beamer\base\beamerbaseoverlay.sty"
Package: beamerbaseoverlay 2013/12/25  (rcs-revision f6bd5e3805da)
\beamer@argscount=\count129
\beamer@lastskipcover=\skip44
\beamer@trivlistdepth=\count130
) ("D:\Program Files\CTEX\UserData\tex\latex\beamer\base\beamerbasetitle.sty"
Package: beamerbasetitle 2010/09/21  (rcs-revision f0446ed0b6ae)
) ("D:\Program Files\CTEX\UserData\tex\latex\beamer\base\beamerbasesection.sty"
Package: beamerbasesection 2013/06/07  (rcs-revision 60b9fe0f342f)
\c@lecture=\count131
\c@part=\count132
\c@section=\count133
\c@subsection=\count134
\c@subsubsection=\count135
) ("D:\Program Files\CTEX\UserData\tex\latex\beamer\base\beamerbaseframe.sty"
Package: beamerbaseframe 2014/02/20  (rcs-revision 4b8ceeeff434)
\beamer@framebox=\box41
\beamer@frametitlebox=\box42
\beamer@zoombox=\box43
\beamer@zoomcount=\count136
\beamer@zoomframecount=\count137
\beamer@frametextheight=\dimen167
\c@subsectionslide=\count138
\beamer@frametopskip=\skip45
\beamer@framebottomskip=\skip46
\beamer@frametopskipautobreak=\skip47
\beamer@framebottomskipautobreak=\skip48
\beamer@envbody=\toks27
\framewidth=\dimen168
\c@framenumber=\count139
)
("D:\Program Files\CTEX\UserData\tex\latex\beamer\base\beamerbaseverbatim.sty"
Package: beamerbaseverbatim 2015/01/05  (rcs-revision 431510bb5890)
\beamer@verbatimfileout=\write4
) ("D:\Program Files\CTEX\UserData\tex\latex\beamer\base\beamerbaseframesize.st
y"
Package: beamerbaseframesize 2011/09/12  (rcs-revision 70f9d8411e54)
\beamer@splitbox=\box44
\beamer@autobreakcount=\count140
\beamer@autobreaklastheight=\dimen169
\beamer@frametitletoks=\toks28
\beamer@framesubtitletoks=\toks29
)
("D:\Program Files\CTEX\UserData\tex\latex\beamer\base\beamerbaseframecomponent
s.sty"
Package: beamerbaseframecomponents 2013/10/18  (rcs-revision 5cf6c5555a45)
\beamer@footins=\box45
)
("D:\Program Files\CTEX\UserData\tex\latex\beamer\base\beamerbasecolor.sty"
Package: beamerbasecolor 2015/02/21  (rcs-revision d944b04ee2d5)
)
("D:\Program Files\CTEX\UserData\tex\latex\beamer\base\beamerbasenotes.sty"
Package: beamerbasenotes 2012/12/19  (rcs-revision 1686da3db3c9)
\beamer@frameboxcopy=\box46
)
("D:\Program Files\CTEX\UserData\tex\latex\beamer\base\beamerbasetoc.sty"
Package: beamerbasetoc 2015/03/08  (rcs-revision 7270298bbaae)
)
("D:\Program Files\CTEX\UserData\tex\latex\beamer\base\beamerbasetemplates.sty"
Package: beamerbasetemplates 2010/05/01  (rcs-revision efa082c6111d)
\beamer@sbttoks=\toks30

("D:\Program Files\CTEX\UserData\tex\latex\beamer\base\beamerbaseauxtemplates.s
ty"
Package: beamerbaseauxtemplates 2014/06/30  (rcs-revision 580088513a67)
 ("D:\Program Files\CTEX\UserData\tex\latex\beamer\base\beamerbaseboxes.sty"
Package: beamerbaseboxes 2012/05/13  (rcs-revision 56972908a390)
\bmb@box=\box47
\bmb@colorbox=\box48
\bmb@boxshadow=\box49
\bmb@boxshadowball=\box50
\bmb@boxshadowballlarge=\box51
\bmb@temp=\dimen170
\bmb@dima=\dimen171
\bmb@dimb=\dimen172
\bmb@prevheight=\dimen173
)
\beamer@blockheadheight=\dimen174
))
("D:\Program Files\CTEX\UserData\tex\latex\beamer\base\beamerbaselocalstructure
.sty"
Package: beamerbaselocalstructure 2014/09/10  (rcs-revision 393f6dcff371)
 ("D:\Program Files\CTEX\MiKTeX\tex\latex\tools\enumerate.sty"
Package: enumerate 1999/03/05 v3.00 enumerate extensions (DPC)
\@enLab=\toks31
)
\c@figure=\count141
\c@table=\count142
\abovecaptionskip=\skip49
\belowcaptionskip=\skip50
)
("D:\Program Files\CTEX\UserData\tex\latex\beamer\base\beamerbasenavigation.sty
"
Package: beamerbasenavigation 2015/02/27  (rcs-revision 923f4bf87efa)
\beamer@section@min@dim=\dimen175
) ("D:\Program Files\CTEX\UserData\tex\latex\beamer\base\beamerbasetheorems.sty
"
Package: beamerbasetheorems 2010/06/06  (rcs-revision 7e7cc5e53e9d)
 ("D:\Program Files\CTEX\MiKTeX\tex\latex\ams\math\amsmath.sty"
Package: amsmath 2000/07/18 v2.13 AMS math features
\@mathmargin=\skip51

For additional information on amsmath, use the `?' option.
("D:\Program Files\CTEX\MiKTeX\tex\latex\ams\math\amstext.sty"
Package: amstext 2000/06/29 v2.01

("D:\Program Files\CTEX\MiKTeX\tex\latex\ams\math\amsgen.sty"
File: amsgen.sty 1999/11/30 v2.0
\@emptytoks=\toks32
\ex@=\dimen176
))
("D:\Program Files\CTEX\MiKTeX\tex\latex\ams\math\amsbsy.sty"
Package: amsbsy 1999/11/29 v1.2d
\pmbraise@=\dimen177
)
("D:\Program Files\CTEX\MiKTeX\tex\latex\ams\math\amsopn.sty"
Package: amsopn 1999/12/14 v2.01 operator names
)
\inf@bad=\count143
LaTeX Info: Redefining \frac on input line 211.
\uproot@=\count144
\leftroot@=\count145
LaTeX Info: Redefining \overline on input line 307.
\classnum@=\count146
\DOTSCASE@=\count147
LaTeX Info: Redefining \ldots on input line 379.
LaTeX Info: Redefining \dots on input line 382.
LaTeX Info: Redefining \cdots on input line 467.
\Mathstrutbox@=\box52
\strutbox@=\box53
\big@size=\dimen178
LaTeX Font Info:    Redeclaring font encoding OML on input line 567.
LaTeX Font Info:    Redeclaring font encoding OMS on input line 568.
\macc@depth=\count148
\c@MaxMatrixCols=\count149
\dotsspace@=\muskip11
\c@parentequation=\count150
\dspbrk@lvl=\count151
\tag@help=\toks33
\row@=\count152
\column@=\count153
\maxfields@=\count154
\andhelp@=\toks34
\eqnshift@=\dimen179
\alignsep@=\dimen180
\tagshift@=\dimen181
\tagwidth@=\dimen182
\totwidth@=\dimen183
\lineht@=\dimen184
\@envbody=\toks35
\multlinegap=\skip52
\multlinetaggap=\skip53
\mathdisplay@stack=\toks36
LaTeX Info: Redefining \[ on input line 2666.
LaTeX Info: Redefining \] on input line 2667.
)
("D:\Program Files\CTEX\MiKTeX\tex\latex\ams\classes\amsthm.sty"
Package: amsthm 2004/08/06 v2.20
\thm@style=\toks37
\thm@bodyfont=\toks38
\thm@headfont=\toks39
\thm@notefont=\toks40
\thm@headpunct=\toks41
\thm@preskip=\skip54
\thm@postskip=\skip55
\thm@headsep=\skip56
\dth@everypar=\toks42
)
\c@theorem=\count155
)
("D:\Program Files\CTEX\UserData\tex\latex\beamer\base\beamerbasethemes.sty"
Package: beamerbasethemes 2010/05/01  (rcs-revision efa082c6111d)
))
Requested font "cmss10" at 10.95pt
 -> cmss10

("D:\Program Files\CTEX\UserData\tex\latex\beamer\base\themes\theme\beamertheme
default.sty"
Package: beamerthemedefault 2010/06/17  (rcs-revision d02a7cf4d8ae)

("D:\Program Files\CTEX\UserData\tex\latex\beamer\base\themes\font\beamerfontth
emedefault.sty"
Package: beamerfontthemedefault 2012/12/19  (rcs-revision 1686da3db3c9)
)
("D:\Program Files\CTEX\UserData\tex\latex\beamer\base\themes\color\beamercolor
themedefault.sty"
Package: beamercolorthemedefault 2012/12/19  (rcs-revision 1686da3db3c9)
)
("D:\Program Files\CTEX\UserData\tex\latex\beamer\base\themes\inner\beamerinner
themedefault.sty"
Package: beamerinnerthemedefault 2014/06/30  (rcs-revision 580088513a67)
\beamer@dima=\dimen185
\beamer@dimb=\dimen186
)
("D:\Program Files\CTEX\UserData\tex\latex\beamer\base\themes\outer\beamerouter
themedefault.sty"
Package: beamerouterthemedefault 2012/12/19  (rcs-revision 1686da3db3c9)
))) ("D:\Program Files\CTEX\MiKTeX\tex\latex\ctex\ctexcap.sty"
Package: ctexcap 2011/03/11 v1.02c ctexcap macros package
("D:\Program Files\CTEX\MiKTeX\tex\latex\ctex\opt\ctex-common-opts.def")
("D:\Program Files\CTEX\MiKTeX\tex\latex\ctex\opt\ctex-caption-opts.def"
\c@CTEX@sectiondepth=\count156
)
("D:\Program Files\CTEX\CTeX\tex\latex\ctex\cfg\ctexopts.cfg")
("D:\Program Files\CTEX\MiKTeX\tex\latex\ctex\def\ctex-common.def"
("D:\Program Files\CTEX\MiKTeX\tex\latex\l3kernel\expl3.sty"
("D:\Program Files\CTEX\MiKTeX\tex\latex\l3kernel\l3names.sty"
("D:\Program Files\CTEX\MiKTeX\tex\latex\l3kernel\l3bootstrap.sty"
Package: l3bootstrap 2011/12/29 v3110 L3 Experimental bootstrap code
)
Package: l3names 2011/12/30 v3113 L3 Experimental namespace for primitives
)
("D:\Program Files\CTEX\MiKTeX\tex\latex\misc\etex.sty"
Package: etex 1998/03/26 v2.0 eTeX basic definition package (PEB)
\et@xins=\count157
)
Package: expl3 2012/02/26 v3471 L3 Experimental code bundle wrapper

("D:\Program Files\CTEX\MiKTeX\tex\latex\l3kernel\l3basics.sty"
Package: l3basics 2012/02/26 v3460 L3 Experimental basic definitions
)
("D:\Program Files\CTEX\MiKTeX\tex\latex\l3kernel\l3expan.sty"
Package: l3expan 2012/02/26 v3460 L3 Experimental argument expansion
)
("D:\Program Files\CTEX\MiKTeX\tex\latex\l3kernel\l3tl.sty"
Package: l3tl 2012/02/26 v3460 L3 Experimental token lists
)
("D:\Program Files\CTEX\MiKTeX\tex\latex\l3kernel\l3seq.sty"
Package: l3seq 2012/01/09 v3158 L3 Experimental sequences and stacks
)
("D:\Program Files\CTEX\MiKTeX\tex\latex\l3kernel\l3int.sty"
Package: l3int 2012/02/26 v3460 L3 Experimental integers
\c_max_int=\count158
\l_tmpa_int=\count159
\l_tmpb_int=\count160
\l_tmpc_int=\count161
\g_tmpa_int=\count162
\g_tmpb_int=\count163
)
("D:\Program Files\CTEX\MiKTeX\tex\latex\l3kernel\l3quark.sty"
Package: l3quark 2012/02/12 v3384 L3 Experimental quarks
)
("D:\Program Files\CTEX\MiKTeX\tex\latex\l3kernel\l3prg.sty"
Package: l3prg 2012/02/26 v3464 L3 Experimental control structures
\g_prg_map_int=\count164
)
("D:\Program Files\CTEX\MiKTeX\tex\latex\l3kernel\l3clist.sty"
Package: l3clist 2012/02/26 v3460 L3 Experimental comma separated lists
)
("D:\Program Files\CTEX\MiKTeX\tex\latex\l3kernel\l3token.sty"
Package: l3token 2012/02/26 v3460 L3 Experimental token manipulation
)
("D:\Program Files\CTEX\MiKTeX\tex\latex\l3kernel\l3prop.sty"
Package: l3prop 2012/02/26 v3460 L3 Experimental property lists
)
("D:\Program Files\CTEX\MiKTeX\tex\latex\l3kernel\l3msg.sty"
Package: l3msg 2012/02/26 v3470 L3 Experimental messages
)
("D:\Program Files\CTEX\MiKTeX\tex\latex\l3kernel\l3file.sty"
Package: l3file 2012/02/26 v3464 L3 Experimental file and I/O operations
\l_iow_stream_int=\count165
\l_iow_line_length_int=\count166
\l_iow_target_length_int=\count167
\l_iow_current_line_int=\count168
\l_iow_current_word_int=\count169
\l_iow_current_indentation_int=\count170
)
("D:\Program Files\CTEX\MiKTeX\tex\latex\l3kernel\l3skip.sty"
Package: l3skip 2012/02/26 v3460 L3 Experimental dimensions and skips
\l_tmpa_dim=\dimen187
\l_tmpb_dim=\dimen188
\l_tmpc_dim=\dimen189
\g_tmpa_dim=\dimen190
\g_tmpb_dim=\dimen191
\l_tmpa_skip=\skip57
\l_tmpb_skip=\skip58
\l_tmpc_skip=\skip59
\g_tmpa_skip=\skip60
\g_tmpb_skip=\skip61
)
("D:\Program Files\CTEX\MiKTeX\tex\latex\l3kernel\l3keys.sty"
Package: l3keys 2011/12/22 v3086 L3 Experimental key-value interfaces
\g_keyval_level_int=\count171
\l_keys_choice_int=\count172
)
("D:\Program Files\CTEX\MiKTeX\tex\latex\l3kernel\l3fp.sty"
Package: l3fp 2012/02/06 v3315 L3 Experimental floating-point operations
\c_one_hundred_million=\count173
\c_five_hundred_million=\count174
\c_one_thousand_million=\count175
\c_fp_pi_by_four_decimal_int=\count176
\c_fp_pi_by_four_extended_int=\count177
\c_fp_pi_decimal_int=\count178
\c_fp_pi_extended_int=\count179
\c_fp_two_pi_decimal_int=\count180
\c_fp_two_pi_extended_int=\count181
\l_fp_count_int=\count182
\l_fp_div_offset_int=\count183
\l_fp_exp_integer_int=\count184
\l_fp_exp_decimal_int=\count185
\l_fp_exp_extended_int=\count186
\l_fp_exp_exponent_int=\count187
\l_fp_input_a_sign_int=\count188
\l_fp_input_a_integer_int=\count189
\l_fp_input_a_decimal_int=\count190
\l_fp_input_a_exponent_int=\count191
\l_fp_input_b_sign_int=\count192
\l_fp_input_b_integer_int=\count193
\l_fp_input_b_decimal_int=\count194
\l_fp_input_b_exponent_int=\count195
\l_fp_input_a_extended_int=\count196
\l_fp_input_b_extended_int=\count197
\l_fp_mul_a_i_int=\count198
\l_fp_mul_a_ii_int=\count199
\l_fp_mul_a_iii_int=\count200
\l_fp_mul_a_iv_int=\count201
Normal \count register pool exhausted, switching to extended pool.
\l_fp_mul_a_v_int=\count277
\l_fp_mul_a_vi_int=\count278
\l_fp_mul_b_i_int=\count279
\l_fp_mul_b_ii_int=\count280
\l_fp_mul_b_iii_int=\count281
\l_fp_mul_b_iv_int=\count282
\l_fp_mul_b_v_int=\count283
\l_fp_mul_b_vi_int=\count284
\l_fp_mul_output_int=\count285
\l_fp_output_sign_int=\count286
\l_fp_output_integer_int=\count287
\l_fp_output_decimal_int=\count288
\l_fp_output_exponent_int=\count289
\l_fp_output_extended_int=\count290
\l_fp_round_position_int=\count291
\l_fp_round_target_int=\count292
\l_fp_split_sign_int=\count293
\l_fp_internal_int=\count294
\l_fp_trig_octant_int=\count295
\l_fp_trig_sign_int=\count296
\l_fp_trig_decimal_int=\count297
\l_fp_trig_extended_int=\count298
\l_fp_internal_dim=\dimen192
\l_fp_internal_skip=\skip62
)
("D:\Program Files\CTEX\MiKTeX\tex\latex\l3kernel\l3box.sty"
Package: l3box 2012/02/18 v3432 L3 Experimental boxes
\l_tmpb_box=\box54
\l_box_top_dim=\dimen193
\l_box_bottom_dim=\dimen194
\l_box_left_dim=\dimen195
\l_box_right_dim=\dimen196
\l_box_top_new_dim=\dimen197
\l_box_bottom_new_dim=\dimen198
\l_box_left_new_dim=\dimen199
\l_box_right_new_dim=\dimen200
\l_box_internal_box=\box55
)
("D:\Program Files\CTEX\MiKTeX\tex\latex\l3kernel\l3coffins.sty"
Package: l3coffins 2012/02/26 v3460 L3 Experimental coffin code layer
\l_coffin_internal_box=\box56
\l_coffin_internal_dim=\dimen201
Normal \dimen register pool exhausted, switching to extended pool.
\l_coffin_offset_x_dim=\dimen256
\l_coffin_offset_y_dim=\dimen257
\l_coffin_x_dim=\dimen258
\l_coffin_y_dim=\dimen259
\l_coffin_x_prime_dim=\dimen260
\l_coffin_y_prime_dim=\dimen261
\l_coffin_Depth_dim=\dimen262
\l_coffin_Height_dim=\dimen263
\l_coffin_TotalHeight_dim=\dimen264
\l_coffin_Width_dim=\dimen265
\c_empty_coffin=\box57
\l_coffin_aligned_coffin=\box58
\l_coffin_aligned_internal_coffin=\box59
\l_coffin_bounding_shift_dim=\dimen266
\l_coffin_left_corner_dim=\dimen267
\l_coffin_right_corner_dim=\dimen268
\l_coffin_bottom_corner_dim=\dimen269
\l_coffin_top_corner_dim=\dimen270
\l_coffin_scaled_total_height_dim=\dimen271
\l_coffin_scaled_width_dim=\dimen272
\l_coffin_display_coffin=\box60
\l_coffin_display_coord_coffin=\box61
\l_coffin_display_pole_coffin=\box62
\l_coffin_display_offset_dim=\dimen273
\l_coffin_display_x_dim=\dimen274
\l_coffin_display_y_dim=\dimen275
)
("D:\Program Files\CTEX\MiKTeX\tex\latex\l3kernel\l3color.sty"
Package: l3color 2011/09/07 v2776 L3 Experimental colour support
)
("D:\Program Files\CTEX\MiKTeX\tex\latex\l3kernel\l3luatex.sty"
Package: l3luatex 2012/02/09 v3355 L3 Experimental LuaTeX-specific functions
\g_cctab_allocate_int=\count299
\g_cctab_stack_int=\count300
))
("D:\Program Files\CTEX\MiKTeX\tex\latex\etoolbox\etoolbox.sty"
Package: etoolbox 2011/01/03 v2.1 e-TeX tools for LaTeX
\etb@tempcnta=\count301
)
("D:\Program Files\CTEX\MiKTeX\tex\latex\tools\indentfirst.sty"
Package: indentfirst 1995/11/23 v1.03 Indent first paragraph (DPC)
)
("D:\Program Files\CTEX\MiKTeX\tex\latex\base\fix-cm.sty"
Package: fix-cm 2006/09/13 v1.1m fixes to LaTeX

("D:\Program Files\CTEX\MiKTeX\tex\latex\base\ts1enc.def"
File: ts1enc.def 2001/06/05 v3.0e (jk/car/fm) Standard LaTeX file
))
("D:\Program Files\CTEX\MiKTeX\tex\latex\ctex\engine\ctex-xecjk-engine.def"
("D:\Program Files\CTEX\MiKTeX\tex\latex\savesym\savesym.sty"

LaTeX Warning: You have requested package `savesym',
               but the package provides `savesymbol'.

Package: savesymbol 2003/06/01 v1.1 Saves and restores symbols
) ("D:\Program Files\CTEX\MiKTeX\tex\xelatex\xecjk\xeCJK.sty"
Package: xeCJK 2012/01/31 2.4.5 package for typesetting CJK scripts with XeLaTe
X

("D:\Program Files\CTEX\MiKTeX\tex\latex\xkeyval\xkeyval.sty"
Package: xkeyval 2008/08/13 v2.6a package option processing (HA)

("D:\Program Files\CTEX\MiKTeX\tex\generic\xkeyval\xkeyval.tex"
\XKV@toks=\toks43
\XKV@tempa@toks=\toks44
\XKV@depth=\count302
File: xkeyval.tex 2008/08/13 v2.6a key=value parser (HA)
))
("D:\Program Files\CTEX\MiKTeX\tex\latex\fontspec\fontspec.sty"
Package: fontspec 2011/09/18 v2.2a Advanced font selection for XeLaTeX/LuaLaTeX


("D:\Program Files\CTEX\MiKTeX\tex\latex\l3packages\xparse\xparse.sty"
Package: xparse 2012/02/26 v3471 L3 Experimental document command parser
\l_xparse_current_arg_int=\count303
\l_xparse_m_args_int=\count304
\l_xparse_mandatory_args_int=\count305
\l_xparse_processor_int=\count306
\l_xparse_v_nesting_int=\count307
)
\l_fontspec_script_int=\count308
\l_fontspec_language_int=\count309
\l_fontspec_strnum_int=\count310
\l_fontspec_tmpa_dim=\dimen276
\l_fontspec_tmpb_dim=\dimen277
\l_fontspec_tmpc_dim=\dimen278
Variant \tl_gset:cV already defined; not changing it on line 66

("D:\Program Files\CTEX\MiKTeX\tex\latex\fontspec\fontspec-patches.sty"
Package: fontspec-patches 2011/09/18 v2.2a Advanced font selection for XeLaTeX/
LuaLaTeX

("D:\Program Files\CTEX\MiKTeX\tex\latex\base\fixltx2e.sty"
Package: fixltx2e 2006/09/13 v1.1m fixes to LaTeX
LaTeX Info: Redefining \em on input line 420.
LaTeX Info: The control sequence `\[' is already robust on input line 471.
LaTeX Info: The control sequence `\]' is already robust on input line 472.
)
LaTeX Info: Redefining \em on input line 22.
LaTeX Info: Redefining \emph on input line 29.
LaTeX Info: Redefining \- on input line 32.

*************************************************
* LaTeX warning: "xparse/redefine-command"
* 
* Redefining document command \oldstylenums with arg. spec. 'm' on line 107.
*************************************************
.................................................
. LaTeX info: "xparse/define-command"
. 
. Defining document command \liningnums with arg. spec. 'm' on line 111.
.................................................
) ("D:\Program Files\CTEX\MiKTeX\tex\latex\fontspec\fontspec-xetex.sty"
Package: fontspec-xetex 2011/09/18 v2.2a Advanced font selection for XeLaTeX/Lu
aLaTeX

("D:\Program Files\CTEX\MiKTeX\tex\latex\base\fontenc.sty"
Package: fontenc 2005/09/27 v1.99g Standard LaTeX package

("D:\Program Files\CTEX\MiKTeX\tex\latex\euenc\eu1enc.def"
File: eu1enc.def 2010/05/27 v0.1h Experimental Unicode font encodings
)
LaTeX Font Info:    Try loading font information for EU1+lmr on input line 100.


("D:\Program Files\CTEX\MiKTeX\tex\latex\euenc\eu1lmr.fd"
File: eu1lmr.fd 2009/10/30 v1.6 Font defs for Latin Modern
)
Requested font "[lmroman10-regular]:mapping=tex-text" at 10.0pt
 -> D:/Program Files/CTEX/MiKTeX/fonts/opentype/public/lm/lmroman10-regular.otf
)
("D:\Program Files\CTEX\MiKTeX\tex\xelatex\xunicode\xunicode.sty"
File: xunicode.sty 2011/09/09 v0.981 provides access to latin accents and many 
other characters in Unicode lower plane

("D:\Program Files\CTEX\MiKTeX\tex\latex\tipa\t3enc.def"
File: t3enc.def 2001/12/31 T3 encoding
Requested font "[lmromanslant10-regular]:mapping=tex-text" at 10.0pt
 -> D:/Program Files/CTEX/MiKTeX/fonts/opentype/public/lm/lmromanslant10-regula
r.otf
Requested font "[lmroman10-italic]:mapping=tex-text" at 10.0pt
 -> D:/Program Files/CTEX/MiKTeX/fonts/opentype/public/lm/lmroman10-italic.otf
Requested font "[lmroman10-bold]:mapping=tex-text" at 10.0pt
 -> D:/Program Files/CTEX/MiKTeX/fonts/opentype/public/lm/lmroman10-bold.otf
LaTeX Font Info:    Try loading font information for EU1+lmss on input line 357
.

("D:\Program Files\CTEX\MiKTeX\tex\latex\euenc\eu1lmss.fd"
File: eu1lmss.fd 2009/10/30 v1.6 Font defs for Latin Modern
)
Requested font "[lmsans10-regular]:mapping=tex-text" at 10.0pt
 -> D:/Program Files/CTEX/MiKTeX/fonts/opentype/public/lm/lmsans10-regular.otf
)
\tipaTiiicode=\count311
\tipasavetokens=\toks45
\tipachecktokens=\toks46
)
.................................................
. LaTeX info: "xparse/define-command"
. 
. Defining document command \fontspec with arg. spec. 'O{}m' on line 39.
.................................................
.................................................
. LaTeX info: "xparse/define-command"
. 
. Defining document command \setmainfont with arg. spec. 'O{}m' on line 43.
.................................................
.................................................
. LaTeX info: "xparse/define-command"
. 
. Defining document command \setsansfont with arg. spec. 'O{}m' on line 47.
.................................................
.................................................
. LaTeX info: "xparse/define-command"
. 
. Defining document command \setmonofont with arg. spec. 'O{}m' on line 51.
.................................................
.................................................
. LaTeX info: "xparse/define-command"
. 
. Defining document command \setmathrm with arg. spec. 'O{}m' on line 59.
.................................................
.................................................
. LaTeX info: "xparse/define-command"
. 
. Defining document command \setboldmathrm with arg. spec. 'O{}m' on line 62.
.................................................
.................................................
. LaTeX info: "xparse/define-command"
. 
. Defining document command \setmathsf with arg. spec. 'O{}m' on line 65.
.................................................
.................................................
. LaTeX info: "xparse/define-command"
. 
. Defining document command \setmathtt with arg. spec. 'O{}m' on line 68.
.................................................
.................................................
. LaTeX info: "xparse/define-command"
. 
. Defining document command \newfontfamily with arg. spec. 'mO{}m' on line 84.
.................................................
.................................................
. LaTeX info: "xparse/define-command"
. 
. Defining document command \newfontface with arg. spec. 'mO{}m' on line 87.
.................................................
.................................................
. LaTeX info: "xparse/define-command"
. 
. Defining document command \defaultfontfeatures with arg. spec. 'm' on line
. 91.
.................................................
.................................................
. LaTeX info: "xparse/define-command"
. 
. Defining document command \addfontfeatures with arg. spec. 'm' on line 107.
.................................................
.................................................
. LaTeX info: "xparse/define-command"
. 
. Defining document command \newfontfeature with arg. spec. 'mm' on line 118.
.................................................
.................................................
. LaTeX info: "xparse/define-command"
. 
. Defining document command \newAATfeature with arg. spec. 'mmmm' on line 125.
.................................................
.................................................
. LaTeX info: "xparse/define-command"
. 
. Defining document command \newICUfeature with arg. spec. 'mmm' on line 132.
.................................................
.................................................
. LaTeX info: "xparse/define-command"
. 
. Defining document command \aliasfontfeature with arg. spec. 'mm' on line
. 159.
.................................................
.................................................
. LaTeX info: "xparse/define-command"
. 
. Defining document command \aliasfontfeatureoption with arg. spec. 'mmm' on
. line 164.
.................................................
.................................................
. LaTeX info: "xparse/define-command"
. 
. Defining document command \newfontscript with arg. spec. 'mm' on line 169.
.................................................
.................................................
. LaTeX info: "xparse/define-command"
. 
. Defining document command \newfontlanguage with arg. spec. 'mm' on line 192.
.................................................
.................................................
. LaTeX info: "xparse/define-command"
. 
. Defining document command \DeclareFontsExtensions with arg. spec. 'm' on
. line 211.
.................................................
Variant \prop_gput:cnV already defined; not changing it on line 485
Variant \prop_gput:cnx already defined; not changing it on line 486
Variant \keys_set:nx already defined; not changing it on line 963
\c@fontspec_tmp_int=\count312
LaTeX Info: Redefining \itshape on input line 1881.
LaTeX Info: Redefining \slshape on input line 1885.
LaTeX Info: Redefining \scshape on input line 1889.
LaTeX Info: Redefining \upshape on input line 1893.

("D:\Program Files\CTEX\MiKTeX\tex\latex\fontspec\fontspec.cfg")))
\xeCJK@cnta=\count313
\xeCJK@cntb=\count314
\xeCJK@cntc=\count315
\xeCJK@cntd=\count316
\xeCJK@cnte=\count317
\xeCJK@dima=\dimen279
LaTeX Info: Redefining \normalfont on input line 886.
LaTeX Info: Redefining \rmfamily on input line 895.
LaTeX Info: Redefining \sffamily on input line 899.
LaTeX Info: Redefining \ttfamily on input line 903.
\xeCJK@featureadded=\count318
\g_xecjk_exspace_dim=\dimen280
)
("D:\Program Files\CTEX\MiKTeX\tex\latex\ctex\engine\ctex-cjk-common.def"
\ccwd=\dimen281
)
("D:\Program Files\CTEX\MiKTeX\tex\latex\ctex\fontset\ctex-xecjk-winfonts.def")
)
\CTEX@q=\count319
\CTEX@r=\count320
) ("D:\Program Files\CTEX\MiKTeX\tex\latex\ctex\def\ctex-caption.def"))
("D:\Program Files\CTEX\MiKTeX\tex\latex\ctex\def\ctex-utf8.def")
("D:\Program Files\CTEX\MiKTeX\tex\latex\ctex\cfg\ctexcap.cfg"
("D:\Program Files\CTEX\MiKTeX\tex\latex\ctex\cfg\ctexcap-utf8.cfg"))
("D:\Program Files\CTEX\MiKTeX\tex\latex\ctex\cfg\ctex.cfg")
("D:\Program Files\CTEX\UserData\tex\latex\beamer\base\themes\theme\beamertheme
Madrid.sty"
Package: beamerthemeMadrid 2010/06/17  (rcs-revision d02a7cf4d8ae)

("D:\Program Files\CTEX\UserData\tex\latex\beamer\base\themes\color\beamercolor
themewhale.sty"
Package: beamercolorthemewhale 2010/06/17  (rcs-revision d02a7cf4d8ae)
)
("D:\Program Files\CTEX\UserData\tex\latex\beamer\base\themes\color\beamercolor
themeorchid.sty"
Package: beamercolorthemeorchid 2010/06/17  (rcs-revision d02a7cf4d8ae)
)
("D:\Program Files\CTEX\UserData\tex\latex\beamer\base\themes\inner\beamerinner
themerounded.sty"
Package: beamerinnerthemerounded 2010/06/17  (rcs-revision d02a7cf4d8ae)
)
("D:\Program Files\CTEX\UserData\tex\latex\beamer\base\themes\outer\beamerouter
themeinfolines.sty"
Package: beamerouterthemeinfolines 2012/10/16  (rcs-revision 51a8c72084af)
))
("D:\Program Files\CTEX\UserData\tex\latex\beamer\base\themes\font\beamerfontth
emeserif.sty"
Package: beamerfontthemeserif 2010/06/17  (rcs-revision d02a7cf4d8ae)
) (E:\数学建模\gmcm\PPT\PPT.aux)
LaTeX Font Info:    Checking defaults for OML/cmm/m/it on input line 53.
LaTeX Font Info:    ... okay on input line 53.
LaTeX Font Info:    Checking defaults for T1/cmr/m/n on input line 53.
LaTeX Font Info:    ... okay on input line 53.
LaTeX Font Info:    Checking defaults for OT1/cmr/m/n on input line 53.
LaTeX Font Info:    ... okay on input line 53.
LaTeX Font Info:    Checking defaults for OMS/cmsy/m/n on input line 53.
LaTeX Font Info:    ... okay on input line 53.
LaTeX Font Info:    Checking defaults for OMX/cmex/m/n on input line 53.
LaTeX Font Info:    ... okay on input line 53.
LaTeX Font Info:    Checking defaults for U/cmr/m/n on input line 53.
LaTeX Font Info:    ... okay on input line 53.
LaTeX Font Info:    Checking defaults for PD1/pdf/m/n on input line 53.
LaTeX Font Info:    ... okay on input line 53.
LaTeX Font Info:    Checking defaults for PU/pdf/m/n on input line 53.
LaTeX Font Info:    ... okay on input line 53.
LaTeX Font Info:    Checking defaults for TS1/cmr/m/n on input line 53.
LaTeX Font Info:    ... okay on input line 53.
LaTeX Font Info:    Checking defaults for EU1/lmr/m/n on input line 53.
LaTeX Font Info:    ... okay on input line 53.
LaTeX Font Info:    Checking defaults for T3/cmr/m/n on input line 53.
LaTeX Font Info:    Try loading font information for T3+cmr on input line 53.

("D:\Program Files\CTEX\MiKTeX\tex\latex\tipa\t3cmr.fd"
File: t3cmr.fd 2001/12/31 TIPA font definitions
)
LaTeX Font Info:    ... okay on input line 53.
Requested font "[lmsans10-regular]:mapping=tex-text" at 10.95pt
 -> D:/Program Files/CTEX/MiKTeX/fonts/opentype/public/lm/lmsans10-regular.otf

*geometry* detected driver: pdftex
*geometry* verbose mode - [ preamble ] result:
* driver: pdftex
* paper: custom
* layout: <same size as paper>
* layoutoffset:(h,v)=(0.0pt,0.0pt)
* modes: includehead includefoot 
* h-part:(L,W,R)=(10.0pt, 344.19536pt, 10.0pt)
* v-part:(T,H,B)=(0.0pt, 273.14662pt, 0.0pt)
* \paperwidth=364.19536pt
* \paperheight=273.14662pt
* \textwidth=344.19536pt
* \textheight=244.6939pt
* \oddsidemargin=-62.26999pt
* \evensidemargin=-62.26999pt
* \topmargin=-72.26999pt
* \headheight=14.22636pt
* \headsep=0.0pt
* \topskip=11.0pt
* \footskip=14.22636pt
* \marginparwidth=4.0pt
* \marginparsep=10.0pt
* \columnsep=10.0pt
* \skip\footins=10.0pt plus 4.0pt minus 2.0pt
* \hoffset=0.0pt
* \voffset=0.0pt
* \mag=1000
* \@twocolumnfalse
* \@twosidefalse
* \@mparswitchfalse
* \@reversemarginfalse
* (1in=72.27pt=25.4mm, 1cm=28.453pt)

ABD: EveryShipout initializing macros
\AtBeginShipoutBox=\box63
Package hyperref Info: Link coloring OFF on input line 53.

("D:\Program Files\CTEX\MiKTeX\tex\latex\hyperref\nameref.sty"
Package: nameref 2010/04/30 v2.40 Cross-referencing by name of section

("D:\Program Files\CTEX\MiKTeX\tex\generic\oberdiek\gettitlestring.sty"
Package: gettitlestring 2010/12/03 v1.4 Cleanup title references (HO)
)
\c@section@level=\count321
)
LaTeX Info: Redefining \ref on input line 53.
LaTeX Info: Redefining \pageref on input line 53.
LaTeX Info: Redefining \nameref on input line 53.

(E:\数学建模\gmcm\PPT\PPT.out) (E:\数学建模\gmcm\PPT\PPT.out)
\@outlinefile=\write5
\symnumbers=\mathgroup6
\sympureletters=\mathgroup7
LaTeX Font Info:    Overwriting math alphabet `\mathrm' in version `normal'
(Font)                  OT1/cmr/m/n --> EU1/lmr/m/n on input line 53.
LaTeX Font Info:    Redeclaring math alphabet \mathbf on input line 53.
LaTeX Font Info:    Overwriting math alphabet `\mathbf' in version `normal'
(Font)                  OT1/cmr/bx/n --> EU1/lmr/bx/n on input line 53.
LaTeX Font Info:    Overwriting math alphabet `\mathbf' in version `bold'
(Font)                  OT1/cmr/bx/n --> EU1/lmr/bx/n on input line 53.
LaTeX Font Info:    Redeclaring math alphabet \mathsf on input line 53.
LaTeX Font Info:    Overwriting math alphabet `\mathsf' in version `normal'
(Font)                  OT1/cmss/m/n --> EU1/lmss/m/n on input line 53.
LaTeX Font Info:    Overwriting math alphabet `\mathsf' in version `bold'
(Font)                  OT1/cmss/bx/n --> EU1/lmss/m/n on input line 53.
LaTeX Font Info:    Redeclaring math alphabet \mathit on input line 53.
LaTeX Font Info:    Overwriting math alphabet `\mathit' in version `normal'
(Font)                  OT1/cmr/m/it --> EU1/lmr/m/it on input line 53.
LaTeX Font Info:    Overwriting math alphabet `\mathit' in version `bold'
(Font)                  OT1/cmr/bx/it --> EU1/lmr/m/it on input line 53.
LaTeX Font Info:    Redeclaring math alphabet \mathtt on input line 53.
LaTeX Font Info:    Overwriting math alphabet `\mathtt' in version `normal'
(Font)                  OT1/cmtt/m/n --> EU1/lmtt/m/n on input line 53.
LaTeX Font Info:    Overwriting math alphabet `\mathtt' in version `bold'
(Font)                  OT1/cmtt/m/n --> EU1/lmtt/m/n on input line 53.
LaTeX Font Info:    Overwriting symbol font `numbers' in version `bold'
(Font)                  EU1/lmr/m/n --> EU1/lmr/bx/n on input line 53.
LaTeX Font Info:    Overwriting symbol font `pureletters' in version `bold'
(Font)                  EU1/lmr/m/it --> EU1/lmr/bx/it on input line 53.
LaTeX Font Info:    Overwriting math alphabet `\mathrm' in version `bold'
(Font)                  OT1/cmr/bx/n --> EU1/lmr/bx/n on input line 53.
LaTeX Font Info:    Overwriting math alphabet `\mathbf' in version `bold'
(Font)                  EU1/lmr/bx/n --> EU1/lmr/bx/n on input line 53.
LaTeX Font Info:    Overwriting math alphabet `\mathsf' in version `bold'
(Font)                  EU1/lmss/m/n --> EU1/lmss/bx/n on input line 53.
LaTeX Font Info:    Overwriting math alphabet `\mathit' in version `bold'
(Font)                  EU1/lmr/m/it --> EU1/lmr/bx/it on input line 53.
LaTeX Font Info:    Overwriting math alphabet `\mathtt' in version `bold'
(Font)                  EU1/lmtt/m/n --> EU1/lmtt/bx/n on input line 53.

("D:\Program Files\CTEX\UserData\tex\latex\beamer\base\translator\dicts\transla
tor-basic-dictionary\translator-basic-dictionary-English.dict"
Dictionary: translator-basic-dictionary, Language: English 
)
("D:\Program Files\CTEX\UserData\tex\latex\beamer\base\translator\dicts\transla
tor-bibliography-dictionary\translator-bibliography-dictionary-English.dict"
Dictionary: translator-bibliography-dictionary, Language: English 
)
("D:\Program Files\CTEX\UserData\tex\latex\beamer\base\translator\dicts\transla
tor-environment-dictionary\translator-environment-dictionary-English.dict"
Dictionary: translator-environment-dictionary, Language: English 
)
("D:\Program Files\CTEX\UserData\tex\latex\beamer\base\translator\dicts\transla
tor-months-dictionary\translator-months-dictionary-English.dict"
Dictionary: translator-months-dictionary, Language: English 
)
("D:\Program Files\CTEX\UserData\tex\latex\beamer\base\translator\dicts\transla
tor-numbers-dictionary\translator-numbers-dictionary-English.dict"
Dictionary: translator-numbers-dictionary, Language: English 
)
("D:\Program Files\CTEX\UserData\tex\latex\beamer\base\translator\dicts\transla
tor-theorem-dictionary\translator-theorem-dictionary-English.dict"
Dictionary: translator-theorem-dictionary, Language: English 
)
LaTeX Info: Redefining \includegraphics on input line 53.
.................................................
. fontspec info: "setup-math"
. 
. Adjusting the maths setup (use [no-math] to avoid this).
.................................................
\symlegacymaths=\mathgroup8
LaTeX Font Info:    Overwriting symbol font `legacymaths' in version `bold'
(Font)                  OT1/cmr/m/n --> OT1/cmr/bx/n on input line 53.
LaTeX Font Info:    Redeclaring math accent \acute on input line 53.
LaTeX Font Info:    Redeclaring math accent \grave on input line 53.
LaTeX Font Info:    Redeclaring math accent \ddot on input line 53.
LaTeX Font Info:    Redeclaring math accent \tilde on input line 53.
LaTeX Font Info:    Redeclaring math accent \bar on input line 53.
LaTeX Font Info:    Redeclaring math accent \breve on input line 53.
LaTeX Font Info:    Redeclaring math accent \check on input line 53.
LaTeX Font Info:    Redeclaring math accent \hat on input line 53.
LaTeX Font Info:    Redeclaring math accent \dot on input line 53.
LaTeX Font Info:    Redeclaring math accent \mathring on input line 53.
LaTeX Font Info:    Redeclaring math symbol \Gamma on input line 53.
LaTeX Font Info:    Redeclaring math symbol \Delta on input line 53.
LaTeX Font Info:    Redeclaring math symbol \Theta on input line 53.
LaTeX Font Info:    Redeclaring math symbol \Lambda on input line 53.
LaTeX Font Info:    Redeclaring math symbol \Xi on input line 53.
LaTeX Font Info:    Redeclaring math symbol \Pi on input line 53.
LaTeX Font Info:    Redeclaring math symbol \Sigma on input line 53.
LaTeX Font Info:    Redeclaring math symbol \Upsilon on input line 53.
LaTeX Font Info:    Redeclaring math symbol \Phi on input line 53.
LaTeX Font Info:    Redeclaring math symbol \Psi on input line 53.
LaTeX Font Info:    Redeclaring math symbol \Omega on input line 53.
LaTeX Font Info:    Redeclaring math symbol \mathdollar on input line 53.
LaTeX Font Info:    Redeclaring symbol font `operators' on input line 53.
LaTeX Font Info:    Encoding `OT1' has changed to `EU1' for symbol font
(Font)              `operators' in the math version `normal' on input line 53.
LaTeX Font Info:    Overwriting symbol font `operators' in version `normal'
(Font)                  OT1/cmr/m/n --> EU1/lmr/m/n on input line 53.
LaTeX Font Info:    Encoding `OT1' has changed to `EU1' for symbol font
(Font)              `operators' in the math version `bold' on input line 53.
LaTeX Font Info:    Overwriting symbol font `operators' in version `bold'
(Font)                  OT1/cmr/bx/n --> EU1/lmr/m/n on input line 53.
LaTeX Font Info:    Overwriting symbol font `operators' in version `normal'
(Font)                  EU1/lmr/m/n --> EU1/lmr/m/n on input line 53.
LaTeX Font Info:    Overwriting math alphabet `\mathrm' in version `normal'
(Font)                  EU1/lmr/m/n --> EU1/lmr/m/n on input line 53.
LaTeX Font Info:    Overwriting math alphabet `\mathit' in version `normal'
(Font)                  EU1/lmr/m/it --> EU1/lmr/m/it on input line 53.
LaTeX Font Info:    Overwriting math alphabet `\mathbf' in version `normal'
(Font)                  EU1/lmr/bx/n --> EU1/lmr/bx/n on input line 53.
LaTeX Font Info:    Overwriting math alphabet `\mathsf' in version `normal'
(Font)                  EU1/lmss/m/n --> EU1/lmss/m/n on input line 53.
LaTeX Font Info:    Overwriting math alphabet `\mathtt' in version `normal'
(Font)                  EU1/lmtt/m/n --> EU1/lmtt/m/n on input line 53.
LaTeX Font Info:    Overwriting symbol font `operators' in version `bold'
(Font)                  EU1/lmr/m/n --> EU1/lmr/bx/n on input line 53.
LaTeX Font Info:    Overwriting math alphabet `\mathrm' in version `bold'
(Font)                  EU1/lmr/bx/n --> EU1/lmr/bx/n on input line 53.
LaTeX Font Info:    Overwriting math alphabet `\mathit' in version `bold'
(Font)                  EU1/lmr/bx/it --> EU1/lmr/bx/it on input line 53.
LaTeX Font Info:    Overwriting math alphabet `\mathsf' in version `bold'
(Font)                  EU1/lmss/bx/n --> EU1/lmss/bx/n on input line 53.
LaTeX Font Info:    Overwriting math alphabet `\mathtt' in version `bold'
(Font)                  EU1/lmtt/bx/n --> EU1/lmtt/bx/n on input line 53.

(E:\数学建模\gmcm\PPT\PPT.nav)
Requested font "[lmsans8-regular]:mapping=tex-text" at 6.0pt
 -> D:/Program Files/CTEX/MiKTeX/fonts/opentype/public/lm/lmsans8-regular.otf
Requested font "SimHei" at 6.0pt
 -> C:/Windows/Fonts/simhei.ttf
Requested font "SimHei/ICU" at 6.0pt
 -> C:/Windows/Fonts/simhei.ttf
\g_fontspec_family_SimHei_int=\count322
Requested font "SimHei/I/ICU" at 6.0pt
 -> C:/Windows/Fonts/simhei.ttf
.................................................
. fontspec info: "no-font-shape"
. 
. Could not resolve font SimHei/I (it probably doesn't exist).
.................................................
Requested font "SimHei/I/ICU" at 6.0pt
 -> C:/Windows/Fonts/simhei.ttf
.................................................
. fontspec info: "no-font-shape"
. 
. Could not resolve font SimHei/I (it probably doesn't exist).
.................................................
.................................................
. fontspec info: "defining-font"
. 
. Font family 'SimHei(0)' created for font 'SimHei' with options
. [Ligatures=TeX,BoldFont={SimHei},BoldFeatures={RawFeature={embolden=4}}].
. 
. This font family consists of the following shapes:
. 
. * 'normal' with NFSS spec.:
. <->"SimHei/ICU:script=latn;language=DFLT;mapping=tex-text;"
. 
. * 'bold' with NFSS spec.:
. <->"SimHei/ICU:script=latn;language=DFLT;mapping=tex-text;embolden=4;"
.................................................
Requested font "SimHei/ICU:script=latn;language=DFLT;mapping=tex-text;" at 6.0p
t
 -> C:/Windows/Fonts/simhei.ttf

Overfull \hbox (6.3914pt too wide) in paragraph at lines 53--53
 [][]  \EU1/lmss/m/n/6 ([])  
 []


Overfull \hbox (11.99442pt too wide) in paragraph at lines 53--53
[][]  
 []

Requested font "[lmsans12-regular]:mapping=tex-text" at 14.4pt
 -> D:/Program Files/CTEX/MiKTeX/fonts/opentype/public/lm/lmsans12-regular.otf
Requested font "SimHei" at 14.4pt
 -> C:/Windows/Fonts/simhei.ttf
Requested font "SimHei/ICU" at 14.4pt
 -> C:/Windows/Fonts/simhei.ttf
.................................................
. fontspec info: "defining-font"
. 
. Font family 'SimHei(0)' created for font 'SimHei' with options
. [Ligatures=TeX,BoldFont={SimHei},BoldFeatures={RawFeature={embolden=4}}].
. 
. This font family consists of the following shapes:
.................................................
Requested font "SimHei/ICU:script=latn;language=DFLT;mapping=tex-text;" at 14.4
pt
 -> C:/Windows/Fonts/simhei.ttf
Requested font "SimSun" at 10.95pt
 -> C:/Windows/Fonts/simsun.ttc
Requested font "SimSun/ICU" at 10.95pt
 -> C:/Windows/Fonts/simsun.ttc
\g_fontspec_family_SimSun_int=\count323
Requested font "SimHei/ICU" at 10.95pt
 -> C:/Windows/Fonts/simhei.ttf
Requested font "[SIMKAI.TTF]/ICU" at 10.95pt
 -> C:/Windows/Fonts/SIMKAI.TTF
Requested font "SimHei/I/ICU" at 10.95pt
 -> C:/Windows/Fonts/simhei.ttf
.................................................
. fontspec info: "no-font-shape"
. 
. Could not resolve font SimHei/I (it probably doesn't exist).
.................................................
.................................................
. fontspec info: "defining-font"
. 
. Font family 'SimSun(0)' created for font 'SimSun' with options
. [Ligatures=TeX,BoldFont={SimHei},ItalicFont={[SIMKAI.TTF]}].
. 
. This font family consists of the following shapes:
. 
. * 'normal' with NFSS spec.:
. <->"SimSun/ICU:script=latn;language=DFLT;mapping=tex-text;"
. 
. * 'bold' with NFSS spec.:
. <->"SimHei/ICU:script=latn;language=DFLT;mapping=tex-text;"
. 
. * 'italic' with NFSS spec.:
. <->"[SIMKAI.TTF]/ICU:script=latn;language=DFLT;mapping=tex-text;"
.................................................
Requested font "SimSun/ICU:script=latn;language=DFLT;mapping=tex-text;" at 10.9
5pt
 -> C:/Windows/Fonts/simsun.ttc
Requested font "[lmroman10-regular]:mapping=tex-text" at 10.95pt
 -> D:/Program Files/CTEX/MiKTeX/fonts/opentype/public/lm/lmroman10-regular.otf
Requested font "[lmroman8-regular]:mapping=tex-text" at 8.0pt
 -> D:/Program Files/CTEX/MiKTeX/fonts/opentype/public/lm/lmroman8-regular.otf
Requested font "[lmroman6-regular]:mapping=tex-text" at 6.0pt
 -> D:/Program Files/CTEX/MiKTeX/fonts/opentype/public/lm/lmroman6-regular.otf
Requested font "cmmi10" at 10.95pt
 -> cmmi10
Requested font "cmmi8" at 8.0pt
 -> cmmi8
Requested font "cmmi6" at 6.0pt
 -> cmmi6
Requested font "cmsy10" at 10.95pt
 -> cmsy10
Requested font "cmsy8" at 8.0pt
 -> cmsy8
Requested font "cmsy6" at 6.0pt
 -> cmsy6
Requested font "cmex10" at 10.95pt
 -> cmex10
Requested font "cmex8" at 8.0pt
 -> cmex8
Requested font "cmex7" at 6.0pt
 -> cmex7
LaTeX Font Info:    Try loading font information for U+msa on input line 54.
("D:\Program Files\CTEX\MiKTeX\tex\latex\amsfonts\umsa.fd"
File: umsa.fd 2009/06/22 v3.00 AMS symbols A
)
Requested font "msam10" at 10.95pt
 -> msam10
Requested font "msam10" at 8.0pt
 -> msam10
Requested font "msam7" at 6.0pt
 -> msam7
LaTeX Font Info:    Try loading font information for U+msb on input line 54.

("D:\Program Files\CTEX\MiKTeX\tex\latex\amsfonts\umsb.fd"
File: umsb.fd 2009/06/22 v3.00 AMS symbols B
)
Requested font "msbm10" at 10.95pt
 -> msbm10
Requested font "msbm10" at 8.0pt
 -> msbm10
Requested font "msbm7" at 6.0pt
 -> msbm7
Requested font "[lmroman10-italic]:mapping=tex-text" at 10.95pt
 -> D:/Program Files/CTEX/MiKTeX/fonts/opentype/public/lm/lmroman10-italic.otf
Requested font "[lmroman8-italic]:mapping=tex-text" at 8.0pt
 -> D:/Program Files/CTEX/MiKTeX/fonts/opentype/public/lm/lmroman8-italic.otf
Requested font "[lmroman7-italic]:mapping=tex-text" at 6.0pt
 -> D:/Program Files/CTEX/MiKTeX/fonts/opentype/public/lm/lmroman7-italic.otf
Requested font "cmr8" at 8.0pt
 -> cmr8
Requested font "cmr6" at 6.0pt
 -> cmr6
Requested font "[lmsans8-regular]:mapping=tex-text" at 8.0pt
 -> D:/Program Files/CTEX/MiKTeX/fonts/opentype/public/lm/lmsans8-regular.otf
Requested font "[lmroman5-regular]:mapping=tex-text" at 5.0pt
 -> D:/Program Files/CTEX/MiKTeX/fonts/opentype/public/lm/lmroman5-regular.otf
Requested font "cmex7" at 5.0pt
 -> cmex7
Requested font "msam5" at 5.0pt
 -> msam5
Requested font "msbm5" at 5.0pt
 -> msbm5
Requested font "[lmroman7-italic]:mapping=tex-text" at 5.0pt
 -> D:/Program Files/CTEX/MiKTeX/fonts/opentype/public/lm/lmroman7-italic.otf
Requested font "SimSun" at 8.0pt
 -> C:/Windows/Fonts/simsun.ttc
Requested font "SimSun/ICU" at 8.0pt
 -> C:/Windows/Fonts/simsun.ttc
.................................................
. fontspec info: "defining-font"
. 
. Font family 'SimSun(0)' created for font 'SimSun' with options
. [Ligatures=TeX,BoldFont={SimHei},ItalicFont={[SIMKAI.TTF]}].
. 
. This font family consists of the following shapes:
.................................................
Requested font "SimSun/ICU:script=latn;language=DFLT;mapping=tex-text;" at 8.0p
t
 -> C:/Windows/Fonts/simsun.ttc
Requested font "[lmsans8-regular]:mapping=tex-text" at 4.0pt
 -> D:/Program Files/CTEX/MiKTeX/fonts/opentype/public/lm/lmsans8-regular.otf
 [1

] [2

] [3

]
Requested font "SimHei" at 10.95pt
 -> C:/Windows/Fonts/simhei.ttf
.................................................
. fontspec info: "defining-font"
. 
. Font family 'SimHei(0)' created for font 'SimHei' with options
. [Ligatures=TeX,BoldFont={SimHei},BoldFeatures={RawFeature={embolden=4}}].
. 
. This font family consists of the following shapes:
.................................................
Requested font "SimHei/ICU:script=latn;language=DFLT;mapping=tex-text;" at 10.9
5pt
 -> C:/Windows/Fonts/simhei.ttf
Requested font "[lmsans9-regular]:mapping=tex-text" at 9.0pt
 -> D:/Program Files/CTEX/MiKTeX/fonts/opentype/public/lm/lmsans9-regular.otf
Requested font "SimHei" at 9.0pt
 -> C:/Windows/Fonts/simhei.ttf
Requested font "SimHei/ICU" at 9.0pt
 -> C:/Windows/Fonts/simhei.ttf
.................................................
. fontspec info: "defining-font"
. 
. Font family 'SimHei(0)' created for font 'SimHei' with options
. [Ligatures=TeX,BoldFont={SimHei},BoldFeatures={RawFeature={embolden=4}}].
. 
. This font family consists of the following shapes:
.................................................
Requested font "SimHei/ICU:script=latn;language=DFLT;mapping=tex-text;" at 9.0p
t
 -> C:/Windows/Fonts/simhei.ttf

[4

] [5

]
Requested font "[lmsans10-bold]:mapping=tex-text" at 10.95pt
 -> D:/Program Files/CTEX/MiKTeX/fonts/opentype/public/lm/lmsans10-bold.otf
.................................................
. fontspec info: "defining-font"
. 
. Font family 'SimSun(0)' created for font 'SimSun' with options
. [Ligatures=TeX,BoldFont={SimHei},ItalicFont={[SIMKAI.TTF]}].
. 
. This font family consists of the following shapes:
.................................................
 [6

] [7

] [8

] [9

] [10

] [11

] [12

] [13

] [14

] [15

] [16

] [17

] [18

] [19

]
[20

]
\tf@nav=\write6
\tf@toc=\write7
\tf@snm=\write8
Package atveryend Info: Empty hook `BeforeClearDocument' on input line 153.
Package atveryend Info: Empty hook `AfterLastShipout' on input line 153.
 (E:\数学建模\gmcm\PPT\PPT.aux)
Package atveryend Info: Empty hook `AtVeryEndDocument' on input line 153.
Package atveryend Info: Empty hook `AtEndAfterFileList' on input line 153.
 ) 
Here is how much of TeX's memory you used:
 31283 strings out of 430478
 625049 string characters out of 3191152
 665661 words of memory out of 3000000
 33830 multiletter control sequences out of 15000+200000
 9550 words of font info for 75 fonts, out of 3000000 for 9000
 14 hyphenation exceptions out of 8191
 70i,18n,64p,859b,617s stack positions out of 5000i,500n,10000p,200000b,50000s

Output written on PPT.pdf (20 pages).
